语法

    0 $accept: lines $end

    1 lines: ε
    2      | lines line

    3 line: blank_line
    4     | trace_step
    5     | attack_fact
    6     | predicate_type
    7     | fact_metric

    8 blank_line: END_LINE
    9           | SP END_LINE

   10 predicate_type: PRIMITIVE '(' ATOM ',' ATOM ')' '.' END_LINE
   11               | DERIVED '(' ATOM ',' ATOM ')' '.' END_LINE
   12               | META '(' ATOM ',' ATOM ')' '.' END_LINE

   13 fact_metric: METRIC '(' fact ',' metric ')' '.' END_LINE

   14 trace_step: TRACESTEP_TOKEN '(' BECAUSE_TOKEN '(' ATOM ',' DESC '(' QUOTE desc QUOTE ',' metric ')' ',' fact ',' conjunct ')' ')' '.' END_LINE

   15 metric: ATOM
   16       | FLOAT
   17       | cvss_metric
   18       | cap_metric

   19 cvss_metric: CVSS_AC '(' ATOM ')'

   20 cap_metric: CAP_LUCK '(' ATOM ')'

   21 attack_fact: ATTACK_TOKEN '(' fact ')' '.' END_LINE

   22 special_char: SP
   23             | '('
   24             | ')'
   25             | '['
   26             | ']'

   27 quoted_name: ATOM
   28            | quoted_name ATOM
   29            | quoted_name special_char

   30 desc: ε
   31     | ATOM
   32     | desc SP ATOM

   33 arglist: factString
   34        | arglist ',' factString

   35 factString: ATOM
   36           | QUOTE quoted_name QUOTE

   37 facts: ε
   38      | fact
   39      | facts ',' fact

   40 fact: ATOM '(' arglist ')'

   41 conjunct: '[' facts ']'


终结语词，附有它们出现处的规则

    $end (0) 0
    '(' (40) 10 11 12 13 14 19 20 21 23 40
    ')' (41) 10 11 12 13 14 19 20 21 24 40
    ',' (44) 10 11 12 13 14 34 39
    '.' (46) 10 11 12 13 14 21
    '[' (91) 25 41
    ']' (93) 26 41
    error (256)
    ATTACK_TOKEN (258) 21
    TRACESTEP_TOKEN (259) 14
    BECAUSE_TOKEN (260) 14
    ATOM (261) 10 11 12 14 15 19 20 27 28 31 32 35 40
    QUOTE (262) 14 36
    SP (263) 9 22 32
    END_LINE (264) 8 9 10 11 12 13 14 21
    PRIMITIVE (265) 10
    DERIVED (266) 11
    META (267) 12
    METRIC (268) 13
    DESC (269) 14
    FLOAT (270) 16
    CVSS_AC (271) 19
    CAP_LUCK (272) 20


非终结语词，附有它们出现处的规则

    $accept (24)
        on left: 0
    lines (25)
        on left: 1 2
        on right: 0 2
    line (26)
        on left: 3 4 5 6 7
        on right: 2
    blank_line (27)
        on left: 8 9
        on right: 3
    predicate_type (28)
        on left: 10 11 12
        on right: 6
    fact_metric (29)
        on left: 13
        on right: 7
    trace_step (30)
        on left: 14
        on right: 4
    metric (31)
        on left: 15 16 17 18
        on right: 13 14
    cvss_metric (32)
        on left: 19
        on right: 17
    cap_metric (33)
        on left: 20
        on right: 18
    attack_fact (34)
        on left: 21
        on right: 5
    special_char (35)
        on left: 22 23 24 25 26
        on right: 29
    quoted_name (36)
        on left: 27 28 29
        on right: 28 29 36
    desc (37)
        on left: 30 31 32
        on right: 14 32
    arglist (38)
        on left: 33 34
        on right: 34 40
    factString (39)
        on left: 35 36
        on right: 33 34
    facts (40)
        on left: 37 38 39
        on right: 39 41
    fact (41)
        on left: 40
        on right: 13 14 21 38 39
    conjunct (42)
        on left: 41
        on right: 14


状态 0

    0 $accept: • lines $end

    $default  使用规则 1 以归约 (lines)

    lines  转到状态 1


状态 1

    0 $accept: lines • $end
    2 lines: lines • line

    $end             偏移，并进入状态 2
    ATTACK_TOKEN     偏移，并进入状态 3
    TRACESTEP_TOKEN  偏移，并进入状态 4
    SP               偏移，并进入状态 5
    END_LINE         偏移，并进入状态 6
    PRIMITIVE        偏移，并进入状态 7
    DERIVED          偏移，并进入状态 8
    META             偏移，并进入状态 9
    METRIC           偏移，并进入状态 10

    line            转到状态 11
    blank_line      转到状态 12
    predicate_type  转到状态 13
    fact_metric     转到状态 14
    trace_step      转到状态 15
    attack_fact     转到状态 16


状态 2

    0 $accept: lines $end •

    $default  接受


状态 3

   21 attack_fact: ATTACK_TOKEN • '(' fact ')' '.' END_LINE

    '('  偏移，并进入状态 17


状态 4

   14 trace_step: TRACESTEP_TOKEN • '(' BECAUSE_TOKEN '(' ATOM ',' DESC '(' QUOTE desc QUOTE ',' metric ')' ',' fact ',' conjunct ')' ')' '.' END_LINE

    '('  偏移，并进入状态 18


状态 5

    9 blank_line: SP • END_LINE

    END_LINE  偏移，并进入状态 19


状态 6

    8 blank_line: END_LINE •

    $default  使用规则 8 以归约 (blank_line)


状态 7

   10 predicate_type: PRIMITIVE • '(' ATOM ',' ATOM ')' '.' END_LINE

    '('  偏移，并进入状态 20


状态 8

   11 predicate_type: DERIVED • '(' ATOM ',' ATOM ')' '.' END_LINE

    '('  偏移，并进入状态 21


状态 9

   12 predicate_type: META • '(' ATOM ',' ATOM ')' '.' END_LINE

    '('  偏移，并进入状态 22


状态 10

   13 fact_metric: METRIC • '(' fact ',' metric ')' '.' END_LINE

    '('  偏移，并进入状态 23


状态 11

    2 lines: lines line •

    $default  使用规则 2 以归约 (lines)


状态 12

    3 line: blank_line •

    $default  使用规则 3 以归约 (line)


状态 13

    6 line: predicate_type •

    $default  使用规则 6 以归约 (line)


状态 14

    7 line: fact_metric •

    $default  使用规则 7 以归约 (line)


状态 15

    4 line: trace_step •

    $default  使用规则 4 以归约 (line)


状态 16

    5 line: attack_fact •

    $default  使用规则 5 以归约 (line)


状态 17

   21 attack_fact: ATTACK_TOKEN '(' • fact ')' '.' END_LINE

    ATOM  偏移，并进入状态 24

    fact  转到状态 25


状态 18

   14 trace_step: TRACESTEP_TOKEN '(' • BECAUSE_TOKEN '(' ATOM ',' DESC '(' QUOTE desc QUOTE ',' metric ')' ',' fact ',' conjunct ')' ')' '.' END_LINE

    BECAUSE_TOKEN  偏移，并进入状态 26


状态 19

    9 blank_line: SP END_LINE •

    $default  使用规则 9 以归约 (blank_line)


状态 20

   10 predicate_type: PRIMITIVE '(' • ATOM ',' ATOM ')' '.' END_LINE

    ATOM  偏移，并进入状态 27


状态 21

   11 predicate_type: DERIVED '(' • ATOM ',' ATOM ')' '.' END_LINE

    ATOM  偏移，并进入状态 28


状态 22

   12 predicate_type: META '(' • ATOM ',' ATOM ')' '.' END_LINE

    ATOM  偏移，并进入状态 29


状态 23

   13 fact_metric: METRIC '(' • fact ',' metric ')' '.' END_LINE

    ATOM  偏移，并进入状态 24

    fact  转到状态 30


状态 24

   40 fact: ATOM • '(' arglist ')'

    '('  偏移，并进入状态 31


状态 25

   21 attack_fact: ATTACK_TOKEN '(' fact • ')' '.' END_LINE

    ')'  偏移，并进入状态 32


状态 26

   14 trace_step: TRACESTEP_TOKEN '(' BECAUSE_TOKEN • '(' ATOM ',' DESC '(' QUOTE desc QUOTE ',' metric ')' ',' fact ',' conjunct ')' ')' '.' END_LINE

    '('  偏移，并进入状态 33


状态 27

   10 predicate_type: PRIMITIVE '(' ATOM • ',' ATOM ')' '.' END_LINE

    ','  偏移，并进入状态 34


状态 28

   11 predicate_type: DERIVED '(' ATOM • ',' ATOM ')' '.' END_LINE

    ','  偏移，并进入状态 35


状态 29

   12 predicate_type: META '(' ATOM • ',' ATOM ')' '.' END_LINE

    ','  偏移，并进入状态 36


状态 30

   13 fact_metric: METRIC '(' fact • ',' metric ')' '.' END_LINE

    ','  偏移，并进入状态 37


状态 31

   40 fact: ATOM '(' • arglist ')'

    ATOM   偏移，并进入状态 38
    QUOTE  偏移，并进入状态 39

    arglist     转到状态 40
    factString  转到状态 41


状态 32

   21 attack_fact: ATTACK_TOKEN '(' fact ')' • '.' END_LINE

    '.'  偏移，并进入状态 42


状态 33

   14 trace_step: TRACESTEP_TOKEN '(' BECAUSE_TOKEN '(' • ATOM ',' DESC '(' QUOTE desc QUOTE ',' metric ')' ',' fact ',' conjunct ')' ')' '.' END_LINE

    ATOM  偏移，并进入状态 43


状态 34

   10 predicate_type: PRIMITIVE '(' ATOM ',' • ATOM ')' '.' END_LINE

    ATOM  偏移，并进入状态 44


状态 35

   11 predicate_type: DERIVED '(' ATOM ',' • ATOM ')' '.' END_LINE

    ATOM  偏移，并进入状态 45


状态 36

   12 predicate_type: META '(' ATOM ',' • ATOM ')' '.' END_LINE

    ATOM  偏移，并进入状态 46


状态 37

   13 fact_metric: METRIC '(' fact ',' • metric ')' '.' END_LINE

    ATOM      偏移，并进入状态 47
    FLOAT     偏移，并进入状态 48
    CVSS_AC   偏移，并进入状态 49
    CAP_LUCK  偏移，并进入状态 50

    metric       转到状态 51
    cvss_metric  转到状态 52
    cap_metric   转到状态 53


状态 38

   35 factString: ATOM •

    $default  使用规则 35 以归约 (factString)


状态 39

   36 factString: QUOTE • quoted_name QUOTE

    ATOM  偏移，并进入状态 54

    quoted_name  转到状态 55


状态 40

   34 arglist: arglist • ',' factString
   40 fact: ATOM '(' arglist • ')'

    ','  偏移，并进入状态 56
    ')'  偏移，并进入状态 57


状态 41

   33 arglist: factString •

    $default  使用规则 33 以归约 (arglist)


状态 42

   21 attack_fact: ATTACK_TOKEN '(' fact ')' '.' • END_LINE

    END_LINE  偏移，并进入状态 58


状态 43

   14 trace_step: TRACESTEP_TOKEN '(' BECAUSE_TOKEN '(' ATOM • ',' DESC '(' QUOTE desc QUOTE ',' metric ')' ',' fact ',' conjunct ')' ')' '.' END_LINE

    ','  偏移，并进入状态 59


状态 44

   10 predicate_type: PRIMITIVE '(' ATOM ',' ATOM • ')' '.' END_LINE

    ')'  偏移，并进入状态 60


状态 45

   11 predicate_type: DERIVED '(' ATOM ',' ATOM • ')' '.' END_LINE

    ')'  偏移，并进入状态 61


状态 46

   12 predicate_type: META '(' ATOM ',' ATOM • ')' '.' END_LINE

    ')'  偏移，并进入状态 62


状态 47

   15 metric: ATOM •

    $default  使用规则 15 以归约 (metric)


状态 48

   16 metric: FLOAT •

    $default  使用规则 16 以归约 (metric)


状态 49

   19 cvss_metric: CVSS_AC • '(' ATOM ')'

    '('  偏移，并进入状态 63


状态 50

   20 cap_metric: CAP_LUCK • '(' ATOM ')'

    '('  偏移，并进入状态 64


状态 51

   13 fact_metric: METRIC '(' fact ',' metric • ')' '.' END_LINE

    ')'  偏移，并进入状态 65


状态 52

   17 metric: cvss_metric •

    $default  使用规则 17 以归约 (metric)


状态 53

   18 metric: cap_metric •

    $default  使用规则 18 以归约 (metric)


状态 54

   27 quoted_name: ATOM •

    $default  使用规则 27 以归约 (quoted_name)


状态 55

   28 quoted_name: quoted_name • ATOM
   29            | quoted_name • special_char
   36 factString: QUOTE quoted_name • QUOTE

    ATOM   偏移，并进入状态 66
    QUOTE  偏移，并进入状态 67
    SP     偏移，并进入状态 68
    '('    偏移，并进入状态 69
    ')'    偏移，并进入状态 70
    '['    偏移，并进入状态 71
    ']'    偏移，并进入状态 72

    special_char  转到状态 73


状态 56

   34 arglist: arglist ',' • factString

    ATOM   偏移，并进入状态 38
    QUOTE  偏移，并进入状态 39

    factString  转到状态 74


状态 57

   40 fact: ATOM '(' arglist ')' •

    $default  使用规则 40 以归约 (fact)


状态 58

   21 attack_fact: ATTACK_TOKEN '(' fact ')' '.' END_LINE •

    $default  使用规则 21 以归约 (attack_fact)


状态 59

   14 trace_step: TRACESTEP_TOKEN '(' BECAUSE_TOKEN '(' ATOM ',' • DESC '(' QUOTE desc QUOTE ',' metric ')' ',' fact ',' conjunct ')' ')' '.' END_LINE

    DESC  偏移，并进入状态 75


状态 60

   10 predicate_type: PRIMITIVE '(' ATOM ',' ATOM ')' • '.' END_LINE

    '.'  偏移，并进入状态 76


状态 61

   11 predicate_type: DERIVED '(' ATOM ',' ATOM ')' • '.' END_LINE

    '.'  偏移，并进入状态 77


状态 62

   12 predicate_type: META '(' ATOM ',' ATOM ')' • '.' END_LINE

    '.'  偏移，并进入状态 78


状态 63

   19 cvss_metric: CVSS_AC '(' • ATOM ')'

    ATOM  偏移，并进入状态 79


状态 64

   20 cap_metric: CAP_LUCK '(' • ATOM ')'

    ATOM  偏移，并进入状态 80


状态 65

   13 fact_metric: METRIC '(' fact ',' metric ')' • '.' END_LINE

    '.'  偏移，并进入状态 81


状态 66

   28 quoted_name: quoted_name ATOM •

    $default  使用规则 28 以归约 (quoted_name)


状态 67

   36 factString: QUOTE quoted_name QUOTE •

    $default  使用规则 36 以归约 (factString)


状态 68

   22 special_char: SP •

    $default  使用规则 22 以归约 (special_char)


状态 69

   23 special_char: '(' •

    $default  使用规则 23 以归约 (special_char)


状态 70

   24 special_char: ')' •

    $default  使用规则 24 以归约 (special_char)


状态 71

   25 special_char: '[' •

    $default  使用规则 25 以归约 (special_char)


状态 72

   26 special_char: ']' •

    $default  使用规则 26 以归约 (special_char)


状态 73

   29 quoted_name: quoted_name special_char •

    $default  使用规则 29 以归约 (quoted_name)


状态 74

   34 arglist: arglist ',' factString •

    $default  使用规则 34 以归约 (arglist)


状态 75

   14 trace_step: TRACESTEP_TOKEN '(' BECAUSE_TOKEN '(' ATOM ',' DESC • '(' QUOTE desc QUOTE ',' metric ')' ',' fact ',' conjunct ')' ')' '.' END_LINE

    '('  偏移，并进入状态 82


状态 76

   10 predicate_type: PRIMITIVE '(' ATOM ',' ATOM ')' '.' • END_LINE

    END_LINE  偏移，并进入状态 83


状态 77

   11 predicate_type: DERIVED '(' ATOM ',' ATOM ')' '.' • END_LINE

    END_LINE  偏移，并进入状态 84


状态 78

   12 predicate_type: META '(' ATOM ',' ATOM ')' '.' • END_LINE

    END_LINE  偏移，并进入状态 85


状态 79

   19 cvss_metric: CVSS_AC '(' ATOM • ')'

    ')'  偏移，并进入状态 86


状态 80

   20 cap_metric: CAP_LUCK '(' ATOM • ')'

    ')'  偏移，并进入状态 87


状态 81

   13 fact_metric: METRIC '(' fact ',' metric ')' '.' • END_LINE

    END_LINE  偏移，并进入状态 88


状态 82

   14 trace_step: TRACESTEP_TOKEN '(' BECAUSE_TOKEN '(' ATOM ',' DESC '(' • QUOTE desc QUOTE ',' metric ')' ',' fact ',' conjunct ')' ')' '.' END_LINE

    QUOTE  偏移，并进入状态 89


状态 83

   10 predicate_type: PRIMITIVE '(' ATOM ',' ATOM ')' '.' END_LINE •

    $default  使用规则 10 以归约 (predicate_type)


状态 84

   11 predicate_type: DERIVED '(' ATOM ',' ATOM ')' '.' END_LINE •

    $default  使用规则 11 以归约 (predicate_type)


状态 85

   12 predicate_type: META '(' ATOM ',' ATOM ')' '.' END_LINE •

    $default  使用规则 12 以归约 (predicate_type)


状态 86

   19 cvss_metric: CVSS_AC '(' ATOM ')' •

    $default  使用规则 19 以归约 (cvss_metric)


状态 87

   20 cap_metric: CAP_LUCK '(' ATOM ')' •

    $default  使用规则 20 以归约 (cap_metric)


状态 88

   13 fact_metric: METRIC '(' fact ',' metric ')' '.' END_LINE •

    $default  使用规则 13 以归约 (fact_metric)


状态 89

   14 trace_step: TRACESTEP_TOKEN '(' BECAUSE_TOKEN '(' ATOM ',' DESC '(' QUOTE • desc QUOTE ',' metric ')' ',' fact ',' conjunct ')' ')' '.' END_LINE

    ATOM  偏移，并进入状态 90

    $default  使用规则 30 以归约 (desc)

    desc  转到状态 91


状态 90

   31 desc: ATOM •

    $default  使用规则 31 以归约 (desc)


状态 91

   14 trace_step: TRACESTEP_TOKEN '(' BECAUSE_TOKEN '(' ATOM ',' DESC '(' QUOTE desc • QUOTE ',' metric ')' ',' fact ',' conjunct ')' ')' '.' END_LINE
   32 desc: desc • SP ATOM

    QUOTE  偏移，并进入状态 92
    SP     偏移，并进入状态 93


状态 92

   14 trace_step: TRACESTEP_TOKEN '(' BECAUSE_TOKEN '(' ATOM ',' DESC '(' QUOTE desc QUOTE • ',' metric ')' ',' fact ',' conjunct ')' ')' '.' END_LINE

    ','  偏移，并进入状态 94


状态 93

   32 desc: desc SP • ATOM

    ATOM  偏移，并进入状态 95


状态 94

   14 trace_step: TRACESTEP_TOKEN '(' BECAUSE_TOKEN '(' ATOM ',' DESC '(' QUOTE desc QUOTE ',' • metric ')' ',' fact ',' conjunct ')' ')' '.' END_LINE

    ATOM      偏移，并进入状态 47
    FLOAT     偏移，并进入状态 48
    CVSS_AC   偏移，并进入状态 49
    CAP_LUCK  偏移，并进入状态 50

    metric       转到状态 96
    cvss_metric  转到状态 52
    cap_metric   转到状态 53


状态 95

   32 desc: desc SP ATOM •

    $default  使用规则 32 以归约 (desc)


状态 96

   14 trace_step: TRACESTEP_TOKEN '(' BECAUSE_TOKEN '(' ATOM ',' DESC '(' QUOTE desc QUOTE ',' metric • ')' ',' fact ',' conjunct ')' ')' '.' END_LINE

    ')'  偏移，并进入状态 97


状态 97

   14 trace_step: TRACESTEP_TOKEN '(' BECAUSE_TOKEN '(' ATOM ',' DESC '(' QUOTE desc QUOTE ',' metric ')' • ',' fact ',' conjunct ')' ')' '.' END_LINE

    ','  偏移，并进入状态 98


状态 98

   14 trace_step: TRACESTEP_TOKEN '(' BECAUSE_TOKEN '(' ATOM ',' DESC '(' QUOTE desc QUOTE ',' metric ')' ',' • fact ',' conjunct ')' ')' '.' END_LINE

    ATOM  偏移，并进入状态 24

    fact  转到状态 99


状态 99

   14 trace_step: TRACESTEP_TOKEN '(' BECAUSE_TOKEN '(' ATOM ',' DESC '(' QUOTE desc QUOTE ',' metric ')' ',' fact • ',' conjunct ')' ')' '.' END_LINE

    ','  偏移，并进入状态 100


状态 100

   14 trace_step: TRACESTEP_TOKEN '(' BECAUSE_TOKEN '(' ATOM ',' DESC '(' QUOTE desc QUOTE ',' metric ')' ',' fact ',' • conjunct ')' ')' '.' END_LINE

    '['  偏移，并进入状态 101

    conjunct  转到状态 102


状态 101

   41 conjunct: '[' • facts ']'

    ATOM  偏移，并进入状态 24

    $default  使用规则 37 以归约 (facts)

    facts  转到状态 103
    fact   转到状态 104


状态 102

   14 trace_step: TRACESTEP_TOKEN '(' BECAUSE_TOKEN '(' ATOM ',' DESC '(' QUOTE desc QUOTE ',' metric ')' ',' fact ',' conjunct • ')' ')' '.' END_LINE

    ')'  偏移，并进入状态 105


状态 103

   39 facts: facts • ',' fact
   41 conjunct: '[' facts • ']'

    ','  偏移，并进入状态 106
    ']'  偏移，并进入状态 107


状态 104

   38 facts: fact •

    $default  使用规则 38 以归约 (facts)


状态 105

   14 trace_step: TRACESTEP_TOKEN '(' BECAUSE_TOKEN '(' ATOM ',' DESC '(' QUOTE desc QUOTE ',' metric ')' ',' fact ',' conjunct ')' • ')' '.' END_LINE

    ')'  偏移，并进入状态 108


状态 106

   39 facts: facts ',' • fact

    ATOM  偏移，并进入状态 24

    fact  转到状态 109


状态 107

   41 conjunct: '[' facts ']' •

    $default  使用规则 41 以归约 (conjunct)


状态 108

   14 trace_step: TRACESTEP_TOKEN '(' BECAUSE_TOKEN '(' ATOM ',' DESC '(' QUOTE desc QUOTE ',' metric ')' ',' fact ',' conjunct ')' ')' • '.' END_LINE

    '.'  偏移，并进入状态 110


状态 109

   39 facts: facts ',' fact •

    $default  使用规则 39 以归约 (facts)


状态 110

   14 trace_step: TRACESTEP_TOKEN '(' BECAUSE_TOKEN '(' ATOM ',' DESC '(' QUOTE desc QUOTE ',' metric ')' ',' fact ',' conjunct ')' ')' '.' • END_LINE

    END_LINE  偏移，并进入状态 111


状态 111

   14 trace_step: TRACESTEP_TOKEN '(' BECAUSE_TOKEN '(' ATOM ',' DESC '(' QUOTE desc QUOTE ',' metric ')' ',' fact ',' conjunct ')' ')' '.' END_LINE •

    $default  使用规则 14 以归约 (trace_step)
